<?xml version="1.0" encoding="UTF-8"?>
<!-- Generated by org.testng.reporters.JUnitXMLReporter -->
<testsuite hostname="DESKTOP-RSJFH2I" ignored="0" name="HomePageTest" tests="3" failures="0" timestamp="07 Sep 2018 20:17:43 GMT" time="100.357" errors="0">
  <testcase name="validateButton" time="0.823" classname="com.mycompany.tests.HomePageTest"/>
  <testcase name="validateAbout" time="10.676" classname="com.mycompany.tests.HomePageTest"/>
  <testcase name="validateMyAccount" time="11.484" classname="com.mycompany.tests.HomePageTest"/>
</testsuite> <!-- HomePageTest -->
