<?xml version="1.0" encoding="UTF-8"?>
<!-- Generated by org.testng.reporters.JUnitXMLReporter -->
<testsuite hostname="DESKTOP-RSJFH2I" ignored="0" name="LoginTests" tests="3" failures="0" timestamp="07 Sep 2018 20:17:29 GMT" time="86.403" errors="0">
  <testcase name="testSuccessfulLogin" time="6.901" classname="com.mycompany.tests.LoginTest"/>
  <testcase name="testSuccessfulLogin" time="6.56" classname="com.mycompany.tests.LoginTest"/>
  <testcase name="testSuccessfulLogin" time="6.13" classname="com.mycompany.tests.LoginTest"/>
</testsuite> <!-- LoginTests -->
