<?xml version="1.0" encoding="UTF-8"?>
<!-- Generated by org.testng.reporters.JUnitXMLReporter -->
<testsuite hostname="DESKTOP-RSJFH2I" ignored="0" name="ShopPageTest" tests="3" failures="0" timestamp="07 Sep 2018 20:17:21 GMT" time="78.967" errors="0">
  <testcase name="testApplyingSortOrder" time="3.973" classname="com.mycompany.tests.ShopPageTest"/>
  <testcase name="testApplyingSortOrder" time="6.862" classname="com.mycompany.tests.ShopPageTest"/>
  <testcase name="testApplyingSortOrder" time="6.787" classname="com.mycompany.tests.ShopPageTest"/>
</testsuite> <!-- ShopPageTest -->
