<?xml version="1.0" encoding="UTF-8"?>
<!-- Generated by org.testng.reporters.JUnitXMLReporter -->
<testsuite hostname="MKAsusZenbook" ignored="0" name="Test" tests="1" failures="1" timestamp="18 Feb 2019 05:37:04 GMT" time="37.613" errors="0">
  <testcase name="flightMenuTest" time="13.962" classname="com.mycompany.tests.FlightsMenuTest">
    <failure type="java.lang.AssertionError" message="Origin was not found in the search page expected [true] but found [false]">
      <![CDATA[java.lang.AssertionError: Origin was not found in the search page expected [true] but found [false]
at com.mycompany.tests.FlightsMenuTest.flightMenuTest(FlightsMenuTest.java:20)
... Removed 28 stack frames]]>
    </failure>
  </testcase> <!-- flightMenuTest -->
</testsuite> <!-- Test -->
