<?xml version="1.0" encoding="UTF-8"?>
<!-- Generated by org.testng.reporters.JUnitXMLReporter -->
<testsuite hostname="DESKTOP-RSJFH2I" ignored="0" name="HomePageTest" tests="3" failures="0" timestamp="07 Sep 2018 20:24:29 GMT" time="105.715" errors="0">
  <testcase name="validateButton" time="1.218" classname="com.mycompany.tests.HomePageTest"/>
  <testcase name="validateAbout" time="10.747" classname="com.mycompany.tests.HomePageTest"/>
  <testcase name="validateMyAccount" time="14.066" classname="com.mycompany.tests.HomePageTest"/>
</testsuite> <!-- HomePageTest -->
