<?xml version="1.0" encoding="UTF-8"?>
<!-- Generated by org.testng.reporters.JUnitXMLReporter -->
<testsuite hostname="DESKTOP-RSJFH2I" ignored="0" name="LoginTests" tests="3" failures="0" timestamp="07 Sep 2018 20:24:17 GMT" time="94.239" errors="0">
  <testcase name="testSuccessfulLogin" time="8.819" classname="com.mycompany.tests.LoginTest"/>
  <testcase name="testSuccessfulLogin" time="7.417" classname="com.mycompany.tests.LoginTest"/>
  <testcase name="testSuccessfulLogin" time="10.53" classname="com.mycompany.tests.LoginTest"/>
</testsuite> <!-- LoginTests -->
