<?xml version="1.0" encoding="UTF-8"?>
<!-- Generated by org.testng.reporters.JUnitXMLReporter -->
<testsuite hostname="DESKTOP-RSJFH2I" ignored="0" name="ShopPageTest" tests="3" failures="0" timestamp="07 Sep 2018 20:23:57 GMT" time="74.225" errors="0">
  <testcase name="testApplyingSortOrder" time="5.345" classname="com.mycompany.tests.ShopPageTest"/>
  <testcase name="testApplyingSortOrder" time="5.715" classname="com.mycompany.tests.ShopPageTest"/>
  <testcase name="testApplyingSortOrder" time="4.544" classname="com.mycompany.tests.ShopPageTest"/>
</testsuite> <!-- ShopPageTest -->
